<?xml version="1.0" encoding="UTF-8"?>
<!-- Generated by org.testng.reporters.JUnitXMLReporter -->
<testsuite ignored="1" hostname="MK" failures="1" tests="1" name="Default test(failed)" time="0.134" errors="0" timestamp="2023-11-29T12:20:06 IST">
  <testcase classname="testNGExectionPackage.Test1" name="method2" time="0.024">
    <failure type="java.lang.Error" message="Unresolved compilation problem: 
	Syntax error on token &amp;quot;:&amp;quot;, ; expected
">
      <![CDATA[java.lang.Error: Unresolved compilation problem: 
Syntax error on token ":", ; expected

at testNGExectionPackage.Test1.method2(Test1.java:17)
at java.base/java.util.ArrayList.forEach(ArrayList.java:1511)
... Removed 27 stack frames]]>
    </failure>
  </testcase> <!-- method2 -->
  <testcase classname="testNGExectionPackage.Test1" name="method1" time="0.0">
    <ignored/>
  </testcase> <!-- method1 -->
</testsuite> <!-- Default test(failed) -->
