<?xml version="1.0" encoding="UTF-8"?>
<testng-results ignored="0" total="1" passed="1" failed="0" skipped="0">
  <reporter-output>
    <line>
      <![CDATA[user created ]]>
    </line>
  </reporter-output>
  <suite started-at="2023-12-05T12:32:01 IST" name="Default suite" finished-at="2023-12-05T12:32:20 IST" duration-ms="18924">
    <groups>
    </groups>
    <test started-at="2023-12-05T12:32:01 IST" name="Default test" finished-at="2023-12-05T12:32:20 IST" duration-ms="18924">
      <class name="testAssertations.AssertationScriptOnOrangeHRM">
        <test-method is-config="true" signature="setUp()[pri:0, instance:testAssertations.AssertationScriptOnOrangeHRM@82de64a]" started-at="2023-12-05T12:32:01 IST" name="setUp" finished-at="2023-12-05T12:32:13 IST" duration-ms="12162" status="PASS">
          <reporter-output>
          </reporter-output>
        </test-method> <!-- setUp -->
        <test-method signature="testMethod()[pri:0, instance:testAssertations.AssertationScriptOnOrangeHRM@82de64a]" started-at="2023-12-05T12:32:13 IST" name="testMethod" finished-at="2023-12-05T12:32:20 IST" duration-ms="6662" status="PASS">
          <reporter-output>
            <line>
              <![CDATA[user created ]]>
            </line>
          </reporter-output>
        </test-method> <!-- testMethod -->
      </class> <!-- testAssertations.AssertationScriptOnOrangeHRM -->
    </test> <!-- Default test -->
  </suite> <!-- Default suite -->
</testng-results>
