<?xml version="1.0" encoding="UTF-8"?>
<!-- Generated by org.testng.reporters.JUnitXMLReporter -->
<testsuite ignored="6" hostname="MK" failures="0" tests="12" name="Test" time="0.332" errors="0" timestamp="2023-12-04T12:23:47 IST">
  <testcase classname="testNGAnnotations.Flag6" name="ft1" time="0.016"/>
  <testcase classname="testNGAnnotations.Flag6" name="ft2" time="0.005"/>
  <testcase classname="testNGAnnotations.Flag6" name="ft3" time="0.003"/>
  <testcase classname="testNGAnnotations.Flag6" name="ft4" time="0.004"/>
  <testcase classname="testNGAnnotations.Flag6" name="ft5" time="0.006"/>
  <testcase classname="testNGAnnotations.Flag6" name="ft6" time="0.005"/>
  <testcase classname="testNGAnnotations.Flag6" name="st1" time="0.005"/>
  <testcase classname="testNGAnnotations.Flag6" name="st2" time="0.009"/>
  <testcase classname="testNGAnnotations.Flag6" name="st3" time="0.007"/>
  <testcase classname="testNGAnnotations.Flag6" name="st4" time="0.003"/>
  <testcase classname="testNGAnnotations.Flag6" name="st5" time="0.002"/>
  <testcase classname="testNGAnnotations.Flag6" name="st6" time="0.004"/>
  <testcase classname="testNGAnnotations.Flag6" name="it1" time="0.0">
    <ignored/>
  </testcase> <!-- it1 -->
  <testcase classname="testNGAnnotations.Flag6" name="it2" time="0.0">
    <ignored/>
  </testcase> <!-- it2 -->
  <testcase classname="testNGAnnotations.Flag6" name="it5" time="0.0">
    <ignored/>
  </testcase> <!-- it5 -->
  <testcase classname="testNGAnnotations.Flag6" name="it6" time="0.0">
    <ignored/>
  </testcase> <!-- it6 -->
  <testcase classname="testNGAnnotations.Flag6" name="it3" time="0.0">
    <ignored/>
  </testcase> <!-- it3 -->
  <testcase classname="testNGAnnotations.Flag6" name="it4" time="0.0">
    <ignored/>
  </testcase> <!-- it4 -->
</testsuite> <!-- Test -->
